Symbol range map extraction starting
Processing 25 files
startProcessing "ru\allformine\afmcp\AFMCorePlugin.java" md5: 3cd8b1cae45286b98f22940eb07cdeb5
endProcessing "ru\allformine\afmcp\AFMCorePlugin.java"

startProcessing "ru\allformine\afmcp\PacketChannels.java" md5: f7cd61b45066a38e882b1660c552dc54
Cache Hit!
endProcessing "ru\allformine\afmcp\PacketChannels.java"

startProcessing "ru\allformine\afmcp\Utils.java" md5: abd9b6a88c0b2fc6492f7da1bc027613
Cache Hit!
endProcessing "ru\allformine\afmcp\Utils.java"

startProcessing "ru\allformine\afmcp\VanishManager.java" md5: ced6e131bce5bf8cb0ae6495c067645c
Cache Hit!
endProcessing "ru\allformine\afmcp\VanishManager.java"

startProcessing "ru\allformine\afmcp\commands\AFMCPCommand.java" md5: e4e2b0637bde70dd3b8b92c0facf27ca
Cache Hit!
endProcessing "ru\allformine\afmcp\commands\AFMCPCommand.java"

startProcessing "ru\allformine\afmcp\commands\RawBCCommand.java" md5: 3be77a656219748b275454da41ad9779
Cache Hit!
endProcessing "ru\allformine\afmcp\commands\RawBCCommand.java"

startProcessing "ru\allformine\afmcp\commands\RestartCommand.java" md5: cd3832c7b1b44abc8ba4a6a5095bf545
Cache Hit!
endProcessing "ru\allformine\afmcp\commands\RestartCommand.java"

startProcessing "ru\allformine\afmcp\commands\TokensCommand.java" md5: 70a28c8313272c0bc7075a179af64708
Cache Hit!
endProcessing "ru\allformine\afmcp\commands\TokensCommand.java"

startProcessing "ru\allformine\afmcp\commands\VipCommand.java" md5: 61fa5211c92d8e68f108ba10786a5e05
Cache Hit!
endProcessing "ru\allformine\afmcp\commands\VipCommand.java"

startProcessing "ru\allformine\afmcp\handlers\AutospawnEventListener.java" md5: 70117e8987e14511ef75b318bd4c6f99
endProcessing "ru\allformine\afmcp\handlers\AutospawnEventListener.java"

startProcessing "ru\allformine\afmcp\handlers\DiscordWebhookListener.java" md5: 5d0db38ba444ea681293b54e3223f3a2
Cache Hit!
endProcessing "ru\allformine\afmcp\handlers\DiscordWebhookListener.java"

startProcessing "ru\allformine\afmcp\handlers\FactionEventListener.java" md5: ec7cfcabd29ea4dea0e07e613da30d1c
Cache Hit!
endProcessing "ru\allformine\afmcp\handlers\FactionEventListener.java"

startProcessing "ru\allformine\afmcp\handlers\VanishEventListener.java" md5: 2b5e042f71c2bbd191e55ca6980e075c
Cache Hit!
endProcessing "ru\allformine\afmcp\handlers\VanishEventListener.java"

startProcessing "ru\allformine\afmcp\jumppad\JumpPadEventListener.java" md5: 6338634a5d74b5eaf79a8c1a90f04efa
Cache Hit!
endProcessing "ru\allformine\afmcp\jumppad\JumpPadEventListener.java"

startProcessing "ru\allformine\afmcp\jumppad\JumpPadTypes.java" md5: 53678d0fa042d12a1b7f2cc8db0d065b
Cache Hit!
endProcessing "ru\allformine\afmcp\jumppad\JumpPadTypes.java"

startProcessing "ru\allformine\afmcp\net\api\Eco.java" md5: b405cbe558fefd9b1c6f3e29cb785480
Cache Hit!
endProcessing "ru\allformine\afmcp\net\api\Eco.java"

startProcessing "ru\allformine\afmcp\net\api\Webhook.java" md5: 33d009f5f0164b2210db39dc8fbe0014
Cache Hit!
endProcessing "ru\allformine\afmcp\net\api\Webhook.java"

startProcessing "ru\allformine\afmcp\net\http\Requests.java" md5: 81f09cfd571211a5c9ff3183a18a0da4
Cache Hit!
endProcessing "ru\allformine\afmcp\net\http\Requests.java"

startProcessing "ru\allformine\afmcp\net\http\Response.java" md5: 0b36875283f473f839a6257546ef2e25
Cache Hit!
endProcessing "ru\allformine\afmcp\net\http\Response.java"

startProcessing "ru\allformine\afmcp\packetlisteners\ScreenshotListener.java" md5: e24dfaf66c1e172cea0a24ff98cb6230
Cache Hit!
endProcessing "ru\allformine\afmcp\packetlisteners\ScreenshotListener.java"

startProcessing "ru\allformine\afmcp\serverapi\HTTPServer.java" md5: ac9864c9cca7b27c8948cd3861cc67b5
Cache Hit!
endProcessing "ru\allformine\afmcp\serverapi\HTTPServer.java"

startProcessing "ru\allformine\afmcp\serverapi\ServerAPISender.java" md5: da10fb7b5c3938caae388cf7cd9ac103
Cache Hit!
endProcessing "ru\allformine\afmcp\serverapi\ServerAPISender.java"

startProcessing "ru\allformine\afmcp\serverapi\ServerUtils.java" md5: 4006529a8eded0583afd3fb0c7d54854
Cache Hit!
endProcessing "ru\allformine\afmcp\serverapi\ServerUtils.java"

startProcessing "ru\allformine\afmcp\tasks\AutoRebootTask.java" md5: 5e3fb1423a9f187c70a4159e0d546b72
Cache Hit!
endProcessing "ru\allformine\afmcp\tasks\AutoRebootTask.java"

startProcessing "ru\allformine\afmcp\test\PacketHandler.java" md5: 1add9950e95dda72ede5192e4a5428b3
Cache Hit!
endProcessing "ru\allformine\afmcp\test\PacketHandler.java"

