Processing 26 files
Start Processing: ru/allformine/afmcp/AFMCorePlugin.java
New Key: class ru/allformine/afmcp/net/api/Webhook
New Key: class ru/allformine/afmcp/net/api/Webhook
New Key: class ru/allformine/afmcp/net/api/Webhook
Import: com.google.inject.Inject
Import: ninja.leaping.configurate.commented.CommentedConfigurationNode
Import: ninja.leaping.configurate.hocon.HoconConfigurationLoader
Import: ninja.leaping.configurate.loader.ConfigurationLoader
Import: org.slf4j.Logger
Import: org.spongepowered.api.Sponge
Import: org.spongepowered.api.command.args.GenericArguments
Import: org.spongepowered.api.command.spec.CommandSpec
Import: org.spongepowered.api.config.ConfigDir
Import: org.spongepowered.api.event.Listener
Import: org.spongepowered.api.event.game.state.GameAboutToStartServerEvent
Import: org.spongepowered.api.event.game.state.GameInitializationEvent
Import: org.spongepowered.api.event.game.state.GamePreInitializationEvent
Import: org.spongepowered.api.event.game.state.GameStoppingServerEvent
Import: org.spongepowered.api.plugin.Plugin
Import: org.spongepowered.api.scheduler.Task
Import: org.spongepowered.api.text.Text
Import: ru.allformine.afmcp.commands.*
Import: ru.allformine.afmcp.handlers.DiscordWebhookListener
Import: ru.allformine.afmcp.handlers.FactionEventListener
Import: ru.allformine.afmcp.handlers.VanishEventListener
Import: ru.allformine.afmcp.jumppad.JumpPadEventListener
Import: ru.allformine.afmcp.net.api.Webhook
Import: ru.allformine.afmcp.packetlisteners.ScreenshotListener
Import: ru.allformine.afmcp.serverapi.HTTPServer
Import: ru.allformine.afmcp.tasks.AutoRebootTask
Adding 3 imports
        java.io.IOException
        java.nio.file.Files
        java.nio.file.Path
End  Processing: ru/allformine/afmcp/AFMCorePlugin.java

Start Processing: ru/allformine/afmcp/PacketChannels.java
New Key: class org/spongepowered/api/network/ChannelBinding
New Key: class org/spongepowered/api/network/ChannelBinding
Import: org.spongepowered.api.network.ChannelBinding
End  Processing: ru/allformine/afmcp/PacketChannels.java

Start Processing: ru/allformine/afmcp/Utils.java
Import: org.spongepowered.api.Sponge
Import: org.spongepowered.api.data.key.Keys
Import: org.spongepowered.api.effect.sound.SoundTypes
Import: org.spongepowered.api.entity.living.player.Player
Import: org.spongepowered.api.text.Text
Import: org.spongepowered.api.text.format.TextColors
Import: org.spongepowered.api.text.title.Title
End  Processing: ru/allformine/afmcp/Utils.java

Start Processing: ru/allformine/afmcp/commands/AFMCPCommand.java
Import: org.spongepowered.api.command.CommandResult
Import: org.spongepowered.api.command.CommandSource
Import: org.spongepowered.api.command.args.CommandContext
Import: org.spongepowered.api.command.spec.CommandExecutor
Import: org.spongepowered.api.text.Text
Import: org.spongepowered.api.text.format.TextColor
Import: org.spongepowered.api.text.format.TextColors
End  Processing: ru/allformine/afmcp/commands/AFMCPCommand.java

Start Processing: ru/allformine/afmcp/commands/RawBCCommand.java
Import: org.spongepowered.api.Sponge
Import: org.spongepowered.api.command.CommandResult
Import: org.spongepowered.api.command.CommandSource
Import: org.spongepowered.api.command.args.CommandContext
Import: org.spongepowered.api.entity.living.player.Player
Import: org.spongepowered.api.text.Text
Import: org.spongepowered.api.text.format.TextColor
Import: org.spongepowered.api.text.format.TextColors
Import: org.spongepowered.api.text.serializer.TextSerializers
End  Processing: ru/allformine/afmcp/commands/RawBCCommand.java

Start Processing: ru/allformine/afmcp/commands/RestartCommand.java
Import: org.spongepowered.api.command.CommandResult
Import: org.spongepowered.api.command.CommandSource
Import: org.spongepowered.api.command.args.CommandContext
Import: org.spongepowered.api.text.Text
Import: org.spongepowered.api.text.format.TextColor
Import: org.spongepowered.api.text.format.TextColors
Import: ru.allformine.afmcp.Utils
End  Processing: ru/allformine/afmcp/commands/RestartCommand.java

Start Processing: ru/allformine/afmcp/commands/TokensCommand.java
Import: org.spongepowered.api.command.CommandResult
Import: org.spongepowered.api.command.CommandSource
Import: org.spongepowered.api.command.args.CommandContext
Import: org.spongepowered.api.entity.living.player.Player
Import: org.spongepowered.api.text.Text
Import: org.spongepowered.api.text.TextTemplate
Import: org.spongepowered.api.text.format.TextColor
Import: org.spongepowered.api.text.format.TextColors
Import: ru.allformine.afmcp.net.api.Eco
Adding 1 imports
        java.util.OptionalInt
End  Processing: ru/allformine/afmcp/commands/TokensCommand.java

Start Processing: ru/allformine/afmcp/commands/VanishCommand.java
Import: org.spongepowered.api.command.CommandResult
Import: org.spongepowered.api.command.CommandSource
Import: org.spongepowered.api.command.args.CommandContext
Import: org.spongepowered.api.entity.living.player.Player
Import: org.spongepowered.api.text.Text
Import: org.spongepowered.api.text.format.TextColor
Import: org.spongepowered.api.text.format.TextColors
Import: ru.allformine.afmcp.vanish.VanishManager
Adding 3 imports
        java.util.List
        java.util.Optional
        java.util.stream.Collectors
End  Processing: ru/allformine/afmcp/commands/VanishCommand.java

Start Processing: ru/allformine/afmcp/commands/VipCommand.java
New Key: class java/util/Map
Import: ninja.leaping.configurate.ConfigurationNode
Import: org.spongepowered.api.Sponge
Import: org.spongepowered.api.command.CommandResult
Import: org.spongepowered.api.command.CommandSource
Import: org.spongepowered.api.command.args.CommandContext
Import: org.spongepowered.api.entity.living.player.Player
Import: org.spongepowered.api.text.Text
Import: org.spongepowered.api.text.TextTemplate
Import: org.spongepowered.api.text.format.TextColor
Import: org.spongepowered.api.text.format.TextColors
Import: ru.allformine.afmcp.AFMCorePlugin
Import: ru.allformine.afmcp.net.api.Eco
Adding 2 imports
        java.util.Map
        java.util.OptionalInt
End  Processing: ru/allformine/afmcp/commands/VipCommand.java

Start Processing: ru/allformine/afmcp/handlers/AutospawnEventListener.java
New Key: class org/spongepowered/api/event/network/ClientConnectionEvent
Import: org.spongepowered.api.Sponge
Import: org.spongepowered.api.event.Listener
Import: org.spongepowered.api.event.network.ClientConnectionEvent
End  Processing: ru/allformine/afmcp/handlers/AutospawnEventListener.java

Start Processing: ru/allformine/afmcp/handlers/DiscordWebhookListener.java
New Key: class org/spongepowered/api/event/network/ClientConnectionEvent
New Key: class ru/allformine/afmcp/net/api/Webhook
New Key: class ru/allformine/afmcp/net/api/Webhook
New Key: class ru/allformine/afmcp/net/api/Webhook
New Key: class org/spongepowered/api/event/network/ClientConnectionEvent
New Key: class ru/allformine/afmcp/net/api/Webhook
New Key: class ru/allformine/afmcp/net/api/Webhook
New Key: class ru/allformine/afmcp/net/api/Webhook
New Key: class ru/allformine/afmcp/net/api/Webhook
New Key: class org/spongepowered/api/event/advancement/AdvancementEvent
New Key: class ru/allformine/afmcp/net/api/Webhook
New Key: class org/spongepowered/api/event/entity/DestructEntityEvent
New Key: class ru/allformine/afmcp/net/api/Webhook
Import: br.net.fabiozumbi12.UltimateChat.Sponge.API.SendChannelMessageEvent
Import: org.spongepowered.api.entity.living.player.Player
Import: org.spongepowered.api.event.Listener
Import: org.spongepowered.api.event.advancement.AdvancementEvent
Import: org.spongepowered.api.event.command.SendCommandEvent
Import: org.spongepowered.api.event.entity.DestructEntityEvent
Import: org.spongepowered.api.event.filter.cause.First
Import: org.spongepowered.api.event.network.ClientConnectionEvent
Import: ru.allformine.afmcp.AFMCorePlugin
Import: ru.allformine.afmcp.net.api.Webhook
Import: ru.allformine.afmcp.vanish.VanishManager
End  Processing: ru/allformine/afmcp/handlers/DiscordWebhookListener.java

Start Processing: ru/allformine/afmcp/handlers/FactionEventListener.java
New Key: class org/spongepowered/api/event/network/ClientConnectionEvent
Import: com.flowpowered.math.vector.Vector3i
Import: io.github.aquerr.eaglefactions.api.entities.Faction
Import: io.github.aquerr.eaglefactions.common.EagleFactionsPlugin
Import: org.spongepowered.api.Sponge
Import: org.spongepowered.api.entity.living.player.Player
Import: org.spongepowered.api.event.Listener
Import: org.spongepowered.api.event.Order
Import: org.spongepowered.api.event.command.SendCommandEvent
Import: org.spongepowered.api.event.entity.MoveEntityEvent
Import: org.spongepowered.api.event.filter.cause.Root
Import: org.spongepowered.api.event.network.ClientConnectionEvent
Import: org.spongepowered.api.scheduler.Task
Import: org.spongepowered.api.world.World
Import: ru.allformine.afmcp.PacketChannels
Adding 3 imports
        java.util.Arrays
        java.util.Optional
        java.util.concurrent.TimeUnit
End  Processing: ru/allformine/afmcp/handlers/FactionEventListener.java

Start Processing: ru/allformine/afmcp/handlers/VanishEventListener.java
New Key: class org/spongepowered/api/event/network/ClientConnectionEvent
New Key: class org/spongepowered/api/event/network/ClientConnectionEvent
New Key: class org/spongepowered/api/event/message/MessageChannelEvent
New Key: class org/spongepowered/api/event/item/inventory/ChangeInventoryEvent
Import: org.spongepowered.api.entity.living.player.Player
Import: org.spongepowered.api.event.Listener
Import: org.spongepowered.api.event.action.InteractEvent
Import: org.spongepowered.api.event.filter.cause.First
Import: org.spongepowered.api.event.filter.cause.Root
Import: org.spongepowered.api.event.item.inventory.ChangeInventoryEvent
Import: org.spongepowered.api.event.message.MessageChannelEvent
Import: org.spongepowered.api.event.network.ClientConnectionEvent
Import: ru.allformine.afmcp.vanish.VanishManager
End  Processing: ru/allformine/afmcp/handlers/VanishEventListener.java

Start Processing: ru/allformine/afmcp/jumppad/JumpPadEventListener.java
Import: com.flowpowered.math.vector.Vector3d
Import: org.spongepowered.api.block.BlockState
Import: org.spongepowered.api.data.key.Keys
Import: org.spongepowered.api.entity.Entity
Import: org.spongepowered.api.entity.living.player.Player
Import: org.spongepowered.api.event.Listener
Import: org.spongepowered.api.event.cause.entity.damage.DamageTypes
Import: org.spongepowered.api.event.cause.entity.damage.source.DamageSource
Import: org.spongepowered.api.event.entity.DamageEntityEvent
Import: org.spongepowered.api.event.entity.MoveEntityEvent
Import: org.spongepowered.api.event.filter.cause.Root
Import: org.spongepowered.api.world.Location
Import: org.spongepowered.api.world.World
Import: ru.allformine.afmcp.Utils
End  Processing: ru/allformine/afmcp/jumppad/JumpPadEventListener.java

Start Processing: ru/allformine/afmcp/jumppad/JumpPadTypes.java
FOUND CONSTR method ru/allformine/afmcp/jumppad/JumpPadTypes/JumpPadTypes (Lorg/spongepowered/api/block/BlockState;)V ru/allformine/afmcp/jumppad/JumpPadTypes
Import: org.spongepowered.api.block.BlockState
Import: org.spongepowered.api.block.BlockTypes
End  Processing: ru/allformine/afmcp/jumppad/JumpPadTypes.java

Start Processing: ru/allformine/afmcp/net/api/Eco.java
FOUND CONSTR method ru/allformine/afmcp/net/api/Eco/Eco (Lorg/spongepowered/api/entity/living/player/Player;)V ru/allformine/afmcp/net/api/Eco
FOUND CONSTR method ru/allformine/afmcp/net/api/Eco/Eco (Ljava/lang/String;)V ru/allformine/afmcp/net/api/Eco
Import: ninja.leaping.configurate.ConfigurationNode
Import: org.spongepowered.api.entity.living.player.Player
Import: ru.allformine.afmcp.AFMCorePlugin
Import: ru.allformine.afmcp.net.http.Requests
Import: ru.allformine.afmcp.net.http.Response
Adding 1 imports
        java.util.OptionalInt
End  Processing: ru/allformine/afmcp/net/api/Eco.java

Start Processing: ru/allformine/afmcp/net/api/Webhook.java
Import: com.google.gson.JsonArray
Import: com.google.gson.JsonObject
Import: ninja.leaping.configurate.ConfigurationNode
Import: org.spongepowered.api.entity.living.player.Player
Import: ru.allformine.afmcp.AFMCorePlugin
Import: ru.allformine.afmcp.net.http.Requests
End  Processing: ru/allformine/afmcp/net/api/Webhook.java

Start Processing: ru/allformine/afmcp/net/http/Requests.java
Import: ru.allformine.afmcp.AFMCorePlugin
Adding 7 imports
        java.io.BufferedReader
        java.io.InputStreamReader
        java.io.OutputStream
        java.net.URL
        java.net.URLConnection
        java.nio.charset.StandardCharsets
        javax.net.ssl.HttpsURLConnection
End  Processing: ru/allformine/afmcp/net/http/Requests.java

Start Processing: ru/allformine/afmcp/net/http/Response.java
FOUND CONSTR method ru/allformine/afmcp/net/http/Response/Response (Ljava/lang/String;)V ru/allformine/afmcp/net/http/Response
FOUND CONSTR method ru/allformine/afmcp/net/http/Response/Response (Ljava/lang/String;I)V ru/allformine/afmcp/net/http/Response
FOUND CONSTR method ru/allformine/afmcp/net/http/Response/Response (I)V ru/allformine/afmcp/net/http/Response
End  Processing: ru/allformine/afmcp/net/http/Response.java

Start Processing: ru/allformine/afmcp/packetlisteners/ScreenshotListener.java
New Key: class org/spongepowered/api/Platform
Import: org.apache.commons.lang3.ArrayUtils
Import: org.spongepowered.api.Platform
Import: org.spongepowered.api.entity.living.player.Player
Import: org.spongepowered.api.network.ChannelBuf
Import: org.spongepowered.api.network.PlayerConnection
Import: org.spongepowered.api.network.RawDataListener
Import: org.spongepowered.api.network.RemoteConnection
Import: ru.allformine.afmcp.AFMCorePlugin
Import: ru.allformine.afmcp.serverapi.HTTPServer
End  Processing: ru/allformine/afmcp/packetlisteners/ScreenshotListener.java

Start Processing: ru/allformine/afmcp/serverapi/HTTPServer.java
Import: com.google.gson.Gson
Import: com.sun.net.httpserver.*
Import: org.spongepowered.api.Sponge
Import: org.spongepowered.api.entity.living.player.Player
Import: org.spongepowered.api.scheduler.Task
Import: ru.allformine.afmcp.AFMCorePlugin
Import: ru.allformine.afmcp.PacketChannels
Adding 15 imports
        com.sun.net.httpserver.Authenticator.Failure
        com.sun.net.httpserver.Authenticator.Result
        com.sun.net.httpserver.Authenticator.Success
        java.io.BufferedReader
        java.io.ByteArrayOutputStream
        java.io.DataOutputStream
        java.io.IOException
        java.io.InputStreamReader
        java.net.InetSocketAddress
        java.util.ArrayList
        java.util.Arrays
        java.util.Base64
        java.util.HashMap
        java.util.List
        java.util.Optional
End  Processing: ru/allformine/afmcp/serverapi/HTTPServer.java

Start Processing: ru/allformine/afmcp/serverapi/ServerAPISender.java
Import: org.spongepowered.api.Sponge
Import: org.spongepowered.api.command.CommandSource
Import: org.spongepowered.api.command.source.ConsoleSource
Import: org.spongepowered.api.service.context.Context
Import: org.spongepowered.api.service.permission.SubjectCollection
Import: org.spongepowered.api.service.permission.SubjectData
Import: org.spongepowered.api.service.permission.SubjectReference
Import: org.spongepowered.api.text.Text
Import: org.spongepowered.api.text.channel.MessageChannel
Import: org.spongepowered.api.util.Tristate
Adding 4 imports
        java.util.ArrayList
        java.util.List
        java.util.Optional
        java.util.Set
End  Processing: ru/allformine/afmcp/serverapi/ServerAPISender.java

Start Processing: ru/allformine/afmcp/serverapi/ServerUtils.java
Import: com.sun.net.httpserver.HttpExchange
Adding 1 imports
        java.io.OutputStream
End  Processing: ru/allformine/afmcp/serverapi/ServerUtils.java

Start Processing: ru/allformine/afmcp/tasks/AutoRebootTask.java
Import: ru.allformine.afmcp.Utils
Adding 1 imports
        java.util.Calendar
End  Processing: ru/allformine/afmcp/tasks/AutoRebootTask.java

Start Processing: ru/allformine/afmcp/vanish/VanishEffects.java
Import: org.spongepowered.api.entity.EntityTypes
Import: org.spongepowered.api.entity.living.player.Player
End  Processing: ru/allformine/afmcp/vanish/VanishEffects.java

Start Processing: ru/allformine/afmcp/vanish/VanishManager.java
Import: org.spongepowered.api.Sponge
Import: org.spongepowered.api.data.key.Keys
Import: org.spongepowered.api.entity.living.player.Player
Import: org.spongepowered.api.text.Text
Import: org.spongepowered.api.text.channel.MessageChannel
Import: org.spongepowered.api.text.format.TextColors
Adding 2 imports
        java.util.ArrayList
        java.util.List
End  Processing: ru/allformine/afmcp/vanish/VanishManager.java

